mktextfm ecrm1000
mktextfm phvr8t
mktextfm phvr8t
mktextfm phvr8t
mktextfm phvr8t
mktextfm phvr8t
mktextfm phvb8t
mktextfm nullfont
mktextfm phvb8tn
mktextfm phvr8t
mktextfm phvb8t
mktextfm nullfont
mktextfm phvb8tn
mktextfm phvro8t
mktextfm nullfont
mktextfm phvb8t
mktextfm nullfont
mktextfm phvb8t
mktextfm nullfont
mktextfm phvb8tn
mktextfm phvr8c
mktextfm pcrr8t
mktextfm phvb8t
mktextfm nullfont
mktextfm phvb8tn
mktextfm zptmcm7t
mktextfm zptmcm7t
mktextfm zptmcm7t
mktextfm zptmcm7m
mktextfm zptmcm7m
mktextfm zptmcm7m
mktextfm zptmcm7y
mktextfm zptmcm7y
mktextfm zptmcm7y
mktextfm zptmcm7v
mktextfm zptmcm7v
mktextfm zptmcm7v
mktextfm ptmb7t
mktextfm nullfont
mktextfm ptmb7t
mktextfm nullfont
mktextfm ptmb7t
mktextfm nullfont
mktextfm ptmri7t
mktextfm ptmri7t
mktextfm ptmri7t
mktextfm phvb8t
mktextfm nullfont
mktextfm phvb8tn
mktextfm phvro8t
mktextfm nullfont
mktextfm phvbo8tn
mktextfm nullfont
